Line 28: Class UniControls.UniLabel of control UniLabel3 was not a loaded control class.
Line 46: Class UniControls.UniLabel of control UniLabel2 was not a loaded control class.
Line 64: Class MSWinsockLib.Winsock of control WinSock1 was not a loaded control class.
Line 78: Class UniControls.UniTabStrip of control Tab1 was not a loaded control class.
Line 121: Class UniControls.UniLabel of control UniLabel1 was not a loaded control class.
Line 142: Class UniControls.UniListBox of control List1 was not a loaded control class.
Line 163: Class UnicodeRichEdit.UniRichTextbox of control Box1 was not a loaded control class.
Line 191: Class UniControls.UniButton of control Command1 was not a loaded control class.
Line 216: Class TypeGame.UniTextBox of control YourTBSpeed was not a loaded control class.
Line 237: Class TypeGame.UniTextBox of control Text2 was not a loaded control class.
Line 270: Class TypeGame.UniTextBox of control Uni1 was not a loaded control class.
Line 33: The property name _ExtentX in UniLabel3 is invalid.
Line 34: The property name _ExtentY in UniLabel3 is invalid.
Line 35: The property name Caption in UniLabel3 is invalid.
Line 51: The property name _ExtentX in UniLabel2 is invalid.
Line 52: The property name _ExtentY in UniLabel2 is invalid.
Line 53: The property name Caption in UniLabel2 is invalid.
Line 68: The property name _ExtentX in WinSock1 is invalid.
Line 69: The property name _ExtentY in WinSock1 is invalid.
Line 70: The property name _Version in WinSock1 is invalid.
Line 84: The property name _ExtentX in Tab1 is invalid.
Line 85: The property name _ExtentY in Tab1 is invalid.
Line 86: The property name TabCount in Tab1 is invalid.
Line 87: The property name TabCaption(0) in Tab1 is invalid.
Line 88: The property name TabContCtrlCnt(0) in Tab1 is invalid.
Line 89: The property name Tab(0)ContCtrlCap(1) in Tab1 is invalid.
Line 90: The property name Tab(0)ContCtrlCap(2) in Tab1 is invalid.
Line 91: The property name TabCaption(1) in Tab1 is invalid.
Line 92: The property name TabContCtrlCnt(1) in Tab1 is invalid.
Line 93: The property name Tab(1)ContCtrlCap(1) in Tab1 is invalid.
Line 94: The property name TabStyle in Tab1 is invalid.
Line 95: The property name TabTheme in Tab1 is invalid.
Line 96: The property name ActiveTabBackStartColor in Tab1 is invalid.
Line 97: The property name ActiveTabBackEndColor in Tab1 is invalid.
Line 98: The property name InActiveTabBackStartColor in Tab1 is invalid.
Line 99: The property name InActiveTabBackEndColor in Tab1 is invalid.
Line 108: The property name ActiveTabFont in Tab1 is invalid.
Line 117: The property name InActiveTabFont in Tab1 is invalid.
Line 118: The property name OuterBorderColor in Tab1 is invalid.
Line 119: The property name DisabledTabBackColor in Tab1 is invalid.
Line 120: The property name DisabledTabForeColor in Tab1 is invalid.
Line 126: The property name _ExtentX in UniLabel1 is invalid.
Line 127: The property name _ExtentY in UniLabel1 is invalid.
Line 129: The property name Caption in UniLabel1 is invalid.
Line 140: The property name Link in UniLabel1 is invalid.
Line 148: The property name _ExtentX in List1 is invalid.
Line 149: The property name _ExtentY in List1 is invalid.
Line 150: The property name IconMaskColor in List1 is invalid.
Line 161: The property name RowHeight in List1 is invalid.
Line 142: Property Picture in List1 could not be set.
Line 169: The property name _ExtentX in Box1 is invalid.
Line 170: The property name _ExtentY in Box1 is invalid.
Line 171: The property name Version in Box1 is invalid.
Line 183: The property name ViewMode in Box1 is invalid.
Line 184: The property name Border in Box1 is invalid.
Line 185: The property name LeftMargin in Box1 is invalid.
Line 186: The property name RightMargin in Box1 is invalid.
Line 187: The property name AutoURLDetect in Box1 is invalid.
Line 188: The property name Transparent in Box1 is invalid.
Line 197: The property name _ExtentX in Command1 is invalid.
Line 198: The property name _ExtentY in Command1 is invalid.
Line 199: The property name Icon in Command1 is invalid.
Line 200: The property name Style in Command1 is invalid.
Line 201: The property name IconAlign in Command1 is invalid.
Line 204: The property name MaskColor in Command1 is invalid.
Line 214: The property name RoundedBordersByTheme in Command1 is invalid.
Line 222: The property name _ExtentX in YourTBSpeed is invalid.
Line 223: The property name _ExtentY in YourTBSpeed is invalid.
Line 233: The property name Text in YourTBSpeed is invalid.
Line 243: The property name _ExtentX in Text2 is invalid.
Line 244: The property name _ExtentY in Text2 is invalid.
Line 255: The property name Text in Text2 is invalid.
Line 276: The property name _ExtentX in Uni1 is invalid.
Line 277: The property name _ExtentY in Uni1 is invalid.
Line 287: The property name Text in Uni1 is invalid.
